\\in.uni-weimar.de\fs\home\m\s\wepi1540\desktop\github\scivis\exscivis\cmake-out\framework\cmakefiles\generate.stamp
\\in.uni-weimar.de\fs\home\m\s\wepi1540\desktop\github\scivis\exscivis\cmake-out\framework\framework.dir\debug\vc120.pdb
\\in.uni-weimar.de\fs\home\m\s\wepi1540\desktop\github\scivis\exscivis\cmake-out\framework\framework.dir\debug\glew.obj
\\in.uni-weimar.de\fs\home\m\s\wepi1540\desktop\github\scivis\exscivis\cmake-out\framework\framework.dir\debug\imgui_impl_glfw_gl3.obj
\\in.uni-weimar.de\fs\home\m\s\wepi1540\desktop\github\scivis\exscivis\cmake-out\framework\framework.dir\debug\plane.obj
\\in.uni-weimar.de\fs\home\m\s\wepi1540\desktop\github\scivis\exscivis\cmake-out\framework\framework.dir\debug\window.obj
\\in.uni-weimar.de\fs\home\m\s\wepi1540\desktop\github\scivis\exscivis\cmake-out\framework\framework.dir\debug\transfer_function.obj
\\in.uni-weimar.de\fs\home\m\s\wepi1540\desktop\github\scivis\exscivis\cmake-out\framework\framework.dir\debug\volume_loader_raw.obj
\\in.uni-weimar.de\fs\home\m\s\wepi1540\desktop\github\scivis\exscivis\cmake-out\framework\framework.dir\debug\utils.obj
\\in.uni-weimar.de\fs\home\m\s\wepi1540\desktop\github\scivis\exscivis\cmake-out\framework\framework.dir\debug\cube.obj
\\in.uni-weimar.de\fs\home\m\s\wepi1540\desktop\github\scivis\exscivis\cmake-out\framework\framework.dir\debug\imgui.obj
\\in.uni-weimar.de\fs\home\m\s\wepi1540\desktop\github\scivis\exscivis\cmake-out\framework\debug\framework.lib
\\in.uni-weimar.de\fs\home\m\s\wepi1540\desktop\github\scivis\exscivis\cmake-out\framework\framework.dir\debug\framework.tlog\custombuild.write.1.tlog
\\in.uni-weimar.de\fs\home\m\s\wepi1540\desktop\github\scivis\exscivis\cmake-out\framework\framework.dir\debug\framework.tlog\lib.command.1.tlog
\\in.uni-weimar.de\fs\home\m\s\wepi1540\desktop\github\scivis\exscivis\cmake-out\framework\framework.dir\debug\framework.tlog\custombuild.command.1.tlog
\\in.uni-weimar.de\fs\home\m\s\wepi1540\desktop\github\scivis\exscivis\cmake-out\framework\framework.dir\debug\framework.tlog\lib-link.read.1.tlog
\\in.uni-weimar.de\fs\home\m\s\wepi1540\desktop\github\scivis\exscivis\cmake-out\framework\framework.dir\debug\framework.tlog\cl.command.1.tlog
\\in.uni-weimar.de\fs\home\m\s\wepi1540\desktop\github\scivis\exscivis\cmake-out\framework\framework.dir\debug\framework.tlog\cl.write.1.tlog
\\in.uni-weimar.de\fs\home\m\s\wepi1540\desktop\github\scivis\exscivis\cmake-out\framework\framework.dir\debug\framework.tlog\cl.read.1.tlog
\\in.uni-weimar.de\fs\home\m\s\wepi1540\desktop\github\scivis\exscivis\cmake-out\framework\framework.dir\debug\framework.tlog\lib-link.write.1.tlog
\\in.uni-weimar.de\fs\home\m\s\wepi1540\desktop\github\scivis\exscivis\cmake-out\framework\framework.dir\debug\framework.tlog\custombuild.read.1.tlog
